Script started on Thu 10 Mar 2016 05:19:45 AM EST
]0;training@localhost:~/udacity/Intro_to_Hadoop_and_MapReduce[?1034h[training@localhost Intro_to_Hadoop_and_MapReduce]$ hs mapper3c.py reu[Kc[Kducer3c.py  myinput problem3c
packageJobJar: [mapper3c.py, reducer3c.py, /tmp/hadoop-training/hadoop-unjar7014323264874306968/] [] /tmp/streamjob5415891234223684893.jar tmpDir=null
16/03/10 05:20:03 WARN mapred.JobClient: Use GenericOptionsParser for parsing the arguments. Applications should implement Tool for the same.
16/03/10 05:20:03 WARN snappy.LoadSnappy: Snappy native library is available
16/03/10 05:20:03 INFO snappy.LoadSnappy: Snappy native library loaded
16/03/10 05:20:03 INFO mapred.FileInputFormat: Total input paths to process : 1
16/03/10 05:20:03 INFO streaming.StreamJob: getLocalDirs(): [/var/lib/hadoop-hdfs/cache/training/mapred/local]
16/03/10 05:20:03 INFO streaming.StreamJob: Running job: job_201603100413_0011
16/03/10 05:20:03 INFO streaming.StreamJob: To kill this job, run:
16/03/10 05:20:03 INFO streaming.StreamJob: UNDEF/bin/hadoop job  -Dmapred.job.tracker=0.0.0.0:8021 -kill job_201603100413_0011
16/03/10 05:20:03 INFO streaming.StreamJob: Tracking URL: http://0.0.0.0:50030/jobdetails.jsp?jobid=job_201603100413_0011
16/03/10 05:20:04 INFO streaming.StreamJob:  map 0%  reduce 0%
16/03/10 05:20:14 INFO streaming.StreamJob:  map 21%  reduce 0%
16/03/10 05:20:17 INFO streaming.StreamJob:  map 32%  reduce 0%
16/03/10 05:20:20 INFO streaming.StreamJob:  map 43%  reduce 0%
16/03/10 05:20:23 INFO streaming.StreamJob:  map 50%  reduce 0%
16/03/10 05:20:32 INFO streaming.StreamJob:  map 75%  reduce 0%
16/03/10 05:20:34 INFO streaming.StreamJob:  map 86%  reduce 25%
16/03/10 05:20:37 INFO streaming.StreamJob:  map 98%  reduce 25%
16/03/10 05:20:39 INFO streaming.StreamJob:  map 100%  reduce 25%
16/03/10 05:20:43 INFO streaming.StreamJob:  map 100%  reduce 71%
16/03/10 05:20:46 INFO streaming.StreamJob:  map 100%  reduce 81%
16/03/10 05:20:49 INFO streaming.StreamJob:  map 100%  reduce 92%
16/03/10 05:20:53 INFO streaming.StreamJob:  map 100%  reduce 100%
16/03/10 05:20:54 INFO streaming.StreamJob: Job complete: job_201603100413_0011
16/03/10 05:20:54 INFO streaming.StreamJob: Output: problem3c
]0;training@localhost:~/udacity/Intro_to_Hadoop_and_MapReduce[training@localhost Intro_to_Hadoop_and_MapReduce]$ hadoop fs -get problem3c/par t-00000 problem3c.txt
]0;training@localhost:~/udacity/Intro_to_Hadoop_and_MapReduce[training@localhost Intro_to_Hadoop_and_MapReduce]$ exit
exit

Script done on Thu 10 Mar 2016 05:21:04 AM EST
