Script started on Thu 10 Mar 2016 07:10:26 AM EST
]0;training@localhost:~/udacity/Intro_to_Hadoop_and_MapReduce[?1034h[training@localhost Intro_to_Hadoop_and_MapReduce]$ hs mapper3f.py reducer3f.py serverlog problem3f
packageJobJar: [mapper3f.py, reducer3f.py, /tmp/hadoop-training/hadoop-unjar7625057245956144340/] [] /tmp/streamjob8736418300959931954.jar tmpDir=null
16/03/10 07:11:02 WARN mapred.JobClient: Use GenericOptionsParser for parsing the arguments. Applications should implement Tool for the same.
16/03/10 07:11:02 WARN snappy.LoadSnappy: Snappy native library is available
16/03/10 07:11:02 INFO snappy.LoadSnappy: Snappy native library loaded
16/03/10 07:11:02 INFO mapred.FileInputFormat: Total input paths to process : 1
16/03/10 07:11:02 INFO streaming.StreamJob: getLocalDirs(): [/var/lib/hadoop-hdfs/cache/training/mapred/local]
16/03/10 07:11:02 INFO streaming.StreamJob: Running job: job_201603100413_0014
16/03/10 07:11:02 INFO streaming.StreamJob: To kill this job, run:
16/03/10 07:11:02 INFO streaming.StreamJob: UNDEF/bin/hadoop job  -Dmapred.job.tracker=0.0.0.0:8021 -kill job_201603100413_0014
16/03/10 07:11:03 INFO streaming.StreamJob: Tracking URL: http://0.0.0.0:50030/jobdetails.jsp?jobid=job_201603100413_0014
16/03/10 07:11:04 INFO streaming.StreamJob:  map 0%  reduce 0%
16/03/10 07:11:14 INFO streaming.StreamJob:  map 15%  reduce 0%
16/03/10 07:11:17 INFO streaming.StreamJob:  map 23%  reduce 0%
16/03/10 07:11:19 INFO streaming.StreamJob:  map 24%  reduce 0%
16/03/10 07:11:20 INFO streaming.StreamJob:  map 25%  reduce 0%
16/03/10 07:11:29 INFO streaming.StreamJob:  map 39%  reduce 8%
16/03/10 07:11:32 INFO streaming.StreamJob:  map 47%  reduce 8%
16/03/10 07:11:35 INFO streaming.StreamJob:  map 48%  reduce 8%
16/03/10 07:11:36 INFO streaming.StreamJob:  map 50%  reduce 8%
16/03/10 07:11:38 INFO streaming.StreamJob:  map 50%  reduce 17%
16/03/10 07:11:45 INFO streaming.StreamJob:  map 61%  reduce 17%
16/03/10 07:11:48 INFO streaming.StreamJob:  map 68%  reduce 17%
16/03/10 07:11:51 INFO streaming.StreamJob:  map 75%  reduce 17%
16/03/10 07:11:56 INFO streaming.StreamJob:  map 75%  reduce 25%
16/03/10 07:12:02 INFO streaming.StreamJob:  map 82%  reduce 25%
16/03/10 07:12:03 INFO streaming.StreamJob:  map 94%  reduce 25%
16/03/10 07:12:05 INFO streaming.StreamJob:  map 98%  reduce 29%
16/03/10 07:12:07 INFO streaming.StreamJob:  map 100%  reduce 29%
16/03/10 07:12:08 INFO streaming.StreamJob:  map 100%  reduce 33%
16/03/10 07:12:11 INFO streaming.StreamJob:  map 100%  reduce 70%
16/03/10 07:12:14 INFO streaming.StreamJob:  map 100%  reduce 87%
16/03/10 07:12:18 INFO streaming.StreamJob:  map 100%  reduce 100%
16/03/10 07:12:19 INFO streaming.StreamJob: Job complete: job_201603100413_0014
16/03/10 07:12:19 INFO streaming.StreamJob: Output: problem3f
]0;training@localhost:~/udacity/Intro_to_Hadoop_and_MapReduce[training@localhost Intro_to_Hadoop_and_MapReduce]$ hadoop fs -get problem3f/part-00000 problem3f.txt
]0;training@localhost:~/udacity/Intro_to_Hadoop_and_MapReduce[training@localhost Intro_to_Hadoop_and_MapReduce]$ exit
exit

Script done on Thu 10 Mar 2016 07:12:39 AM EST
